Traceback (most recent call last):
  File "/opt/hostedtoolcache/Python/3.11.15/x64/lib/python3.11/site-packages/jupyter_cache/executors/utils.py", line 58, in single_nb_execution
    executenb(
  File "/opt/hostedtoolcache/Python/3.11.15/x64/lib/python3.11/site-packages/nbclient/client.py", line 1323, in execute
    return NotebookClient(nb=nb, resources=resources, km=km, **kwargs).execute()
           ^^^^^^^^^^^^^^^^^^^^^^^^^^^^^^^^^^^^^^^^^^^^^^^^^^^^^^^^^^^^^^^^^^^^^
  File "/opt/hostedtoolcache/Python/3.11.15/x64/lib/python3.11/site-packages/jupyter_core/utils/__init__.py", line 165, in wrapped
    return loop.run_until_complete(inner)
           ^^^^^^^^^^^^^^^^^^^^^^^^^^^^^^
  File "/opt/hostedtoolcache/Python/3.11.15/x64/lib/python3.11/asyncio/base_events.py", line 654, in run_until_complete
    return future.result()
           ^^^^^^^^^^^^^^^
  File "/opt/hostedtoolcache/Python/3.11.15/x64/lib/python3.11/site-packages/nbclient/client.py", line 709, in async_execute
    await self.async_execute_cell(
  File "/opt/hostedtoolcache/Python/3.11.15/x64/lib/python3.11/site-packages/nbclient/client.py", line 1062, in async_execute_cell
    await self._check_raise_for_error(cell, cell_index, exec_reply)
  File "/opt/hostedtoolcache/Python/3.11.15/x64/lib/python3.11/site-packages/nbclient/client.py", line 918, in _check_raise_for_error
    raise CellExecutionError.from_cell_and_msg(cell, exec_reply_content)
nbclient.exceptions.CellExecutionError: An error occurred while executing the following cell:
------------------
g = np.reshape(f, (8,9))
------------------


[31m---------------------------------------------------------------------------[39m
[31mValueError[39m                                Traceback (most recent call last)
[36mCell[39m[36m [39m[32mIn[31][39m[32m, line 1[39m
[32m----> [39m[32m1[39m g = np.reshape(f, ([32m8[39m,[32m9[39m))

[36mFile [39m[32m/opt/hostedtoolcache/Python/3.11.15/x64/lib/python3.11/site-packages/numpy/_core/fromnumeric.py:299[39m, in [36mreshape[39m[34m(a, shape, order, copy)[39m
[32m    297[39m [38;5;28;01mif[39;00m copy [38;5;129;01mis[39;00m [38;5;129;01mnot[39;00m [38;5;28;01mNone[39;00m:
[32m    298[39m     [38;5;28;01mreturn[39;00m _wrapfunc(a, [33m'[39m[33mreshape[39m[33m'[39m, shape, order=order, copy=copy)
[32m--> [39m[32m299[39m [38;5;28;01mreturn[39;00m [30;43m_wrapfunc[39;49m[30;43m([39;49m[30;43ma[39;49m[30;43m,[39;49m[30;43m [39;49m[30;43m'[39;49m[30;43mreshape[39;49m[30;43m'[39;49m[30;43m,[39;49m[30;43m [39;49m[30;43mshape[39;49m[30;43m,[39;49m[30;43m [39;49m[30;43morder[39;49m[30;43m=[39;49m[30;43morder[39;49m[30;43m)[39;49m

[36mFile [39m[32m/opt/hostedtoolcache/Python/3.11.15/x64/lib/python3.11/site-packages/numpy/_core/fromnumeric.py:54[39m, in [36m_wrapfunc[39m[34m(obj, method, *args, **kwds)[39m
[32m     51[39m     [38;5;28;01mreturn[39;00m _wrapit(obj, method, *args, **kwds)
[32m     53[39m [38;5;28;01mtry[39;00m:
[32m---> [39m[32m54[39m     [38;5;28;01mreturn[39;00m [30;43mbound[39;49m[30;43m([39;49m[30;43m*[39;49m[30;43margs[39;49m[30;43m,[39;49m[30;43m [39;49m[30;43m*[39;49m[30;43m*[39;49m[30;43mkwds[39;49m[30;43m)[39;49m
[32m     55[39m [38;5;28;01mexcept[39;00m [38;5;167;01mTypeError[39;00m:
[32m     56[39m     [38;5;66;03m# A TypeError occurs if the object does have such a method in its[39;00m
[32m     57[39m     [38;5;66;03m# class, but its signature is not identical to that of NumPy's. This[39;00m
[32m   (...)[39m[32m     61[39m     [38;5;66;03m# Call _wrapit from within the except clause to ensure a potential[39;00m
[32m     62[39m     [38;5;66;03m# exception has a traceback chain.[39;00m
[32m     63[39m     [38;5;28;01mreturn[39;00m _wrapit(obj, method, *args, **kwds)

[31mValueError[39m: cannot reshape array of size 5000 into shape (8,9)

